Executing with parametres:
-i	input.txt
-p	8080
-o	output1.log
-s	2
-x	10
Loading graph...
1593534927 Graph loaded in 0.91 seconds with 6301 nodes and 20777 edges
1593534927 Thread #0, waiting for connection
1593534927 A pool of 2 threads has been created
1593534927 Thread #1, waiting for connection
1593534927 Socket successfully created
1593534927 Socket successfully binded
1593534927 Server listening
1593535664 A connection has been delegated to thread id #0, system load 0.0%
1593535664 Searching database for a path from node 44 to node 10
1593535664 No path in database calculating 44->10
1593535664 path calculated: 44-> 49-> 101-> 147-> 177-> 149-> 10
1593535664 Thread #0, waiting for connection
1593535705 server acccept failed
1593535705 Termination signal recieved, waiting for ongoing threads to complete
1593535705 Thread #1 is exiting
1593535705 Thread #0 is exiting
